TN:
SF:src\features\employee\employee.service.ts
FN:3,(anonymous_0)
FN:6,(anonymous_1)
FN:14,(anonymous_2)
FN:16,(anonymous_3)
FN:19,(anonymous_4)
FN:21,(anonymous_5)
FN:28,(anonymous_6)
FN:30,(anonymous_7)
FNF:8
FNH:8
FNDA:8,(anonymous_0)
FNDA:7,(anonymous_1)
FNDA:3,(anonymous_2)
FNDA:3,(anonymous_3)
FNDA:4,(anonymous_4)
FNDA:2,(anonymous_5)
FNDA:4,(anonymous_6)
FNDA:2,(anonymous_7)
DA:3,2
DA:4,8
DA:7,7
DA:8,7
DA:9,7
DA:10,7
DA:11,7
DA:15,3
DA:16,3
DA:20,4
DA:21,3
DA:22,3
DA:23,2
DA:24,2
DA:25,2
DA:29,4
DA:30,3
DA:31,3
DA:32,2
LF:19
LH:19
BRDA:7,0,0,0
BRDA:7,1,0,7
BRDA:7,1,1,7
BRDA:15,2,0,0
BRDA:20,3,0,1
BRDA:20,4,0,4
BRDA:20,4,1,3
BRDA:22,5,0,1
BRDA:29,6,0,1
BRDA:31,7,0,1
BRF:10
BRH:8
end_of_record
