TN:
SF:src\app.ts
FN:10,(anonymous_0)
FN:15,(anonymous_1)
FN:20,(anonymous_2)
FN:24,(anonymous_3)
FN:29,(anonymous_4)
FN:34,(anonymous_5)
FN:39,(anonymous_6)
FNF:7
FNH:7
FNDA:15,(anonymous_0)
FNDA:12,(anonymous_1)
FNDA:43,(anonymous_2)
FNDA:16,(anonymous_3)
FNDA:14,(anonymous_4)
FNDA:7,(anonymous_5)
FNDA:6,(anonymous_6)
DA:1,1
DA:2,1
DA:5,1
DA:8,15
DA:11,15
DA:12,15
DA:16,12
DA:17,12
DA:21,43
DA:25,16
DA:26,14
DA:30,14
DA:31,13
DA:35,7
DA:36,6
DA:40,6
DA:41,5
LF:17
LH:17
BRDA:25,0,0,2
BRDA:30,1,0,1
BRDA:35,2,0,1
BRDA:40,3,0,1
BRF:4
BRH:4
end_of_record
TN:
SF:src\features\auth\auth.service.ts
FN:3,(anonymous_0)
FN:6,(anonymous_1)
FN:7,(anonymous_2)
FNF:3
FNH:3
FNDA:15,(anonymous_0)
FNDA:12,(anonymous_1)
FNDA:12,(anonymous_2)
DA:3,1
DA:4,15
DA:7,12
LF:3
LH:3
BRDA:7,0,0,12
BRDA:7,0,1,11
BRF:2
BRH:2
end_of_record
TN:
SF:src\features\employee\employee.service.ts
FN:3,(anonymous_0)
FN:6,(anonymous_1)
FN:14,(anonymous_2)
FN:16,(anonymous_3)
FN:19,(anonymous_4)
FN:21,(anonymous_5)
FN:28,(anonymous_6)
FN:30,(anonymous_7)
FNF:8
FNH:8
FNDA:15,(anonymous_0)
FNDA:14,(anonymous_1)
FNDA:13,(anonymous_2)
FNDA:16,(anonymous_3)
FNDA:6,(anonymous_4)
FNDA:5,(anonymous_5)
FNDA:5,(anonymous_6)
FNDA:5,(anonymous_7)
DA:3,1
DA:4,15
DA:7,14
DA:8,14
DA:9,14
DA:10,14
DA:11,14
DA:15,13
DA:16,16
DA:20,6
DA:21,6
DA:22,6
DA:23,5
DA:24,5
DA:25,5
DA:29,5
DA:30,5
DA:31,5
DA:32,4
LF:19
LH:19
BRDA:7,0,0,0
BRDA:7,1,0,14
BRDA:7,1,1,14
BRDA:15,2,0,0
BRDA:20,3,0,0
BRDA:20,4,0,6
BRDA:20,4,1,6
BRDA:22,5,0,1
BRDA:29,6,0,0
BRDA:31,7,0,1
BRF:10
BRH:6
end_of_record
